13:31:51.196 [main] INFO  mvntst.mvnj.Qualicoach - ********************Start of user account********************
13:31:53.277 [main] INFO  collaborated.student - entered validLogin block
13:31:53.277 [main] INFO  collaborated.student - entered login block
13:32:05.135 [main] INFO  collaborated.student - successfully reached the website
13:32:05.135 [main] INFO  collaborated.student - login object created successfully
13:32:05.235 [main] INFO  collaborated.student - Username and password is entered
13:32:36.876 [main] INFO  collaborated.student - Valid login ready
13:32:36.877 [main] INFO  collaborated.student - Valid login successful
13:32:36.877 [main] INFO  collaborated.student - entered sleepNclose block
13:32:39.449 [main] INFO  collaborated.student - entered invalid Login block
13:32:50.401 [main] INFO  collaborated.student - successfully reached the website
13:32:50.401 [main] INFO  collaborated.student - login object created successfully
13:32:50.509 [main] INFO  collaborated.student - Username and password is entered
13:32:52.383 [main] INFO  collaborated.student - Valid login ready
13:32:52.405 [main] ERROR collaborated.student - Invalid username or password message displayed successfully
13:32:52.405 [main] INFO  collaborated.student - entered sleepNclose block
13:32:54.858 [main] INFO  collaborated.student - entered login block
13:32:54.858 [main] INFO  collaborated.student - entered login block
13:33:05.665 [main] INFO  collaborated.student - successfully reached the website
13:33:05.665 [main] INFO  collaborated.student - login object created successfully
13:33:05.773 [main] INFO  collaborated.student - Username and password is entered
13:33:28.557 [main] INFO  collaborated.student - Valid login ready
13:33:28.558 [main] INFO  collaborated.student - executed login block
13:33:28.827 [main] INFO  collaborated.student - user profile object created successfully
13:33:28.877 [main] INFO  collaborated.student - clicked menu
13:33:32.582 [main] INFO  collaborated.student - clicked profile
13:33:39.241 [main] INFO  collaborated.student - clicked edit
13:33:39.279 [main] INFO  collaborated.student - clicked editCity
13:33:39.336 [main] INFO  collaborated.student - entered city name
13:33:42.701 [main] INFO  collaborated.student - clicked update
13:33:42.701 [main] INFO  collaborated.student - entered sleepNclose block
13:33:45.025 [main] INFO  collaborated.student - entered login block
13:33:59.528 [main] INFO  collaborated.student - successfully reached the website
13:33:59.528 [main] INFO  collaborated.student - login object created successfully
13:33:59.638 [main] INFO  collaborated.student - Username and password is entered
13:34:03.481 [main] INFO  collaborated.student - Valid login ready
13:34:03.481 [main] INFO  collaborated.student - executed login block
13:34:03.482 [main] INFO  collaborated.student - course enroll object created successfully
13:34:03.989 [main] INFO  collaborated.student - executed scroll method
13:34:15.541 [main] INFO  mvntst.mvnj.Qualicoach - ********************Start of admin account********************
13:34:16.750 [main] INFO  collaborated.admin - driver initiated successfully
13:34:28.958 [main] INFO  collaborated.admin - reached website successfully
13:34:28.994 [main] INFO  collaborated.admin - login object created successfully
13:34:36.155 [main] INFO  collaborated.admin - clicked login
13:34:36.155 [main] INFO  collaborated.admin - login successful
13:34:36.155 [main] INFO  collaborated.admin - initiated sleep for 1 sec
13:34:37.155 [main] INFO  collaborated.admin - closing current window
13:34:38.527 [main] INFO  collaborated.admin - driver initiated successfully
13:34:49.682 [main] INFO  collaborated.admin - reached website successfully
13:34:49.682 [main] INFO  collaborated.admin - login object created successfully
13:34:57.130 [main] INFO  collaborated.admin - clicked login
13:34:57.130 [main] INFO  collaborated.admin - login successful
13:34:57.182 [main] INFO  collaborated.admin - user object created successfully
13:34:57.229 [main] INFO  collaborated.admin - navigation successful
13:35:03.543 [main] INFO  collaborated.admin - clicked add user
13:35:03.638 [main] INFO  collaborated.admin - clicked username
13:35:03.696 [main] INFO  collaborated.admin - clicked password
13:35:04.085 [main] INFO  collaborated.admin - entered details
13:35:04.117 [main] INFO  collaborated.admin - scroll object created successfully
13:35:10.214 [main] INFO  collaborated.admin - clicked on update
13:35:10.214 [main] INFO  collaborated.admin - initiated sleep for 1 sec
13:35:11.215 [main] INFO  collaborated.admin - closing current window
13:35:12.627 [main] INFO  collaborated.admin - driver initiated successfully
13:35:25.029 [main] INFO  collaborated.admin - reached website successfully
13:35:25.029 [main] INFO  collaborated.admin - login object created successfully
13:35:34.438 [main] INFO  collaborated.admin - clicked login
13:35:34.438 [main] INFO  collaborated.admin - login successful
13:35:34.474 [main] INFO  collaborated.admin - edit user object created successfully
13:35:34.513 [main] INFO  collaborated.admin - navigation successful
13:35:42.569 [main] ERROR collaborated.admin - org.openqa.selenium.ElementNotInteractableException: element not interactable
  (Session info: chrome=95.0.4638.54)
Build info: version: '3.12.0', revision: '7c6e0b3', time: '2018-05-08T14:04:26.12Z'
System info: host: 'LAPTOP-C4JBVE4V', ip: '192.168.56.1', os.name: 'Windows 10', os.arch: 'amd64', os.version: '10.0', java.version: '1.8.0_301'
Driver info: org.openqa.selenium.chrome.ChromeDriver
Capabilities {acceptInsecureCerts: false, browserName: chrome, browserVersion: 95.0.4638.54, chrome: {chromedriverVersion: 94.0.4606.41 (333e85df3c9b6..., userDataDir: C:\Users\NIKHIL~1\AppData\L...}, goog:chromeOptions: {debuggerAddress: localhost:61174}, javascriptEnabled: true, networkConnectionEnabled: false, pageLoadStrategy: normal, platform: WINDOWS, platformName: WINDOWS, proxy: Proxy(), setWindowRect: true, strictFileInteractability: false, timeouts: {implicit: 0, pageLoad: 300000, script: 30000}, unhandledPromptBehavior: dismiss and notify, webauthn:extension:credBlob: true, webauthn:extension:largeBlob: true, webauthn:virtualAuthenticators: true}
Session ID: 7586d58546db24a43e618efd789d1e08: Because user is already deleted
13:35:42.573 [main] INFO  collaborated.admin - initiated sleep for 1 sec
13:35:43.574 [main] INFO  collaborated.admin - closing current window
13:35:44.816 [main] INFO  collaborated.admin - driver initiated successfully
13:35:55.813 [main] INFO  collaborated.admin - reached website successfully
13:35:55.814 [main] INFO  collaborated.admin - login object created successfully
13:36:03.359 [main] INFO  collaborated.admin - clicked login
13:36:03.359 [main] INFO  collaborated.admin - login successful
13:36:03.400 [main] INFO  collaborated.admin - edit user object created successfully
13:36:03.448 [main] INFO  collaborated.admin - navigated to browse
13:36:09.173 [main] INFO  collaborated.admin - clicked on browse
13:36:09.282 [main] INFO  collaborated.admin - searched for created user
13:36:12.480 [main] INFO  collaborated.admin - clicked on add filter
13:36:14.587 [main] INFO  collaborated.admin - clicked on delete user
13:36:16.797 [main] INFO  collaborated.admin - confirm deletet
13:36:16.797 [main] INFO  collaborated.admin - initiated sleep for 1 sec
13:36:17.798 [main] INFO  collaborated.admin - closing current window
13:36:19.018 [main] INFO  collaborated.admin - driver initiated successfully
13:36:30.690 [main] INFO  collaborated.admin - reached website successfully
13:36:30.690 [main] INFO  collaborated.admin - login object created successfully
13:36:37.772 [main] INFO  collaborated.admin - clicked login
13:36:37.772 [main] INFO  collaborated.admin - login successful
13:36:37.813 [main] INFO  collaborated.admin - edit user object created successfully
13:36:37.860 [main] INFO  collaborated.admin - clicked on course
13:36:48.781 [main] INFO  collaborated.admin - clicked on manage course
13:36:55.118 [main] INFO  collaborated.admin - clicked on create course
13:36:55.193 [main] INFO  collaborated.admin - searched for course name
13:37:07.527 [main] INFO  collaborated.admin - clicked on submit button
13:37:14.447 [main] INFO  collaborated.admin - clicked on find
13:37:22.221 [main] INFO  collaborated.admin - clicked on create course
13:37:22.303 [main] INFO  collaborated.admin - entered name of the course
13:37:22.370 [main] INFO  collaborated.admin - entered second name of the course
13:37:29.392 [main] INFO  collaborated.admin - clicked on submit
13:37:29.392 [main] INFO  collaborated.admin - initiated sleep for 1 sec
13:37:30.392 [main] INFO  collaborated.admin - closing current window
13:37:31.755 [main] INFO  collaborated.admin - driver initiated successfully
13:37:45.734 [main] INFO  collaborated.admin - Navigated to website to download url successful
13:37:45.734 [main] INFO  collaborated.admin - edit user object created successfully
13:37:53.240 [main] INFO  collaborated.admin - entered details and clicked on login
13:37:53.305 [main] INFO  collaborated.admin - course report object created successfully
13:37:56.562 [main] INFO  collaborated.admin - clicked on certificate select
13:38:00.140 [main] INFO  collaborated.admin - clicked on manage reports
13:38:01.165 [main] INFO  collaborated.admin - clicked on download in required fromat
13:38:01.165 [main] INFO  collaborated.admin - initiated sleep for 1 sec
13:38:02.165 [main] INFO  collaborated.admin - closing current window
13:38:02.226 [main] INFO  mvntst.mvnj.Qualicoach - ********************end of admin account********************
13:43:03.827 [main] INFO  mvntst.mvnj.Qualicoach - ********************Start of user account********************
13:43:05.967 [main] INFO  collaborated.student - entered invalid Login block
13:43:14.753 [main] INFO  collaborated.student - successfully reached the website
13:43:14.754 [main] INFO  collaborated.student - login object created successfully
13:43:16.517 [main] INFO  collaborated.student - Valid login ready
13:43:16.539 [main] ERROR collaborated.student - enetr valid credentials error message displayed successfully
13:43:16.539 [main] INFO  collaborated.student - entered sleepNclose block
13:43:18.862 [main] INFO  collaborated.student - entered login block
13:43:27.914 [main] INFO  collaborated.student - successfully reached the website
13:43:27.914 [main] INFO  collaborated.student - login object created successfully
13:43:28.028 [main] INFO  collaborated.student - Username and password is entered
13:43:52.266 [main] INFO  collaborated.student - Valid login ready
13:43:52.267 [main] INFO  collaborated.student - executed login block
13:43:52.300 [main] INFO  collaborated.student - course enroll object created successfully
13:43:52.809 [main] INFO  collaborated.student - executed scroll method
13:44:00.996 [main] INFO  collaborated.student - executed select method
13:44:09.053 [main] ERROR collaborated.student - Already enrolled to this course and hence the object is not interactable
13:44:09.053 [main] INFO  collaborated.student - entered sleepNclose block
13:44:10.142 [main] INFO  mvntst.mvnj.Qualicoach - ********************end of user account********************
